Arguments: 
  /usr/local/bin/node /usr/local/bin/yarn dev

PATH: 
  /usr/local/bin:/usr/bin:/bin:/usr/sbin:/sbin:/opt/X11/bin

Yarn version: 
  1.5.1

Node version: 
  8.9.4

Platform: 
  darwin x64

npm manifest: 
  {
    "name": "server",
    "version": "1.0.0",
    "main": "index.js",
    "license": "MIT",
    "dependencies": {
      "body-parser": "^1.18.2",
      "dotenv": "^5.0.1",
      "eslint": "^4.19.1",
      "express": "^4.16.3",
      "foobar": "^1.1.0",
      "twilio": "^3.15.1"
    },
    "devDependencies": {
      "chai": "^4.1.2",
      "mocha": "^5.1.0",
      "nyc": "^11.6.0",
      "supertest": "^3.0.0"
    },
    "scripts": {
      "test": "nyc --reporter=html mocha",
      "start": "node index.js"
    },
    "proxy": "http://localhost:5000"
    
  }

yarn manifest: 
  No manifest

Lockfile: 
  No lockfile

Trace: 
  Error: Command "dev" not found.
      at new MessageError (/usr/local/lib/node_modules/yarn/lib/cli.js:186:110)
      at /usr/local/lib/node_modules/yarn/lib/cli.js:87307:17
      at Generator.next (<anonymous>)
      at step (/usr/local/lib/node_modules/yarn/lib/cli.js:98:30)
      at /usr/local/lib/node_modules/yarn/lib/cli.js:116:14
      at new Promise (<anonymous>)
      at new F (/usr/local/lib/node_modules/yarn/lib/cli.js:23451:28)
      at /usr/local/lib/node_modules/yarn/lib/cli.js:95:12
      at runCommand (/usr/local/lib/node_modules/yarn/lib/cli.js:87312:22)
      at Object.<anonymous> (/usr/local/lib/node_modules/yarn/lib/cli.js:87412:14)
